2016-08-15 14:38:19.312 INFO  [Transformer] - Added class dir '/Users/huangfeifeng/Workspace/github/blog/target/classes'
2016-08-15 14:38:19.314 DEBUG [Transformer] -  found class boot/Bootsrap
2016-08-15 14:38:19.315 DEBUG [Transformer] -  found class boot/controller/HelloController
2016-08-15 14:38:19.315 DEBUG [Transformer] -  found class controller/BlogController
2016-08-15 14:38:19.316 DEBUG [Transformer] -  found class model/JsonWrapper
2016-08-15 14:38:19.316 INFO  [Transformer] -  \-- Found 4 classes
2016-08-15 14:38:19.356 DEBUG [Transformer] - sun.misc.Launcher$AppClassLoader@18b4aac2 is loading boot/Bootsrap
2016-08-15 14:38:22.130 DEBUG [Transformer] - sun.misc.Launcher$AppClassLoader@18b4aac2 is loading boot/controller/HelloController
2016-08-15 14:38:27.326 DEBUG [Transformer] - Checking changes...
2016-08-15 14:38:30.332 DEBUG [Transformer] - Checking changes...
2016-08-15 14:38:33.334 DEBUG [Transformer] - Checking changes...
2016-08-15 14:38:36.337 DEBUG [Transformer] - Checking changes...
2016-08-15 14:38:39.340 DEBUG [Transformer] - Checking changes...
2016-08-15 14:38:42.344 DEBUG [Transformer] - Checking changes...
2016-08-15 14:38:45.347 DEBUG [Transformer] - Checking changes...
2016-08-15 14:38:48.351 DEBUG [Transformer] - Checking changes...
2016-08-15 14:38:51.353 DEBUG [Transformer] - Checking changes...
2016-08-15 14:38:54.357 DEBUG [Transformer] - Checking changes...
2016-08-15 14:38:57.359 DEBUG [Transformer] - Checking changes...
2016-08-15 14:39:00.364 DEBUG [Transformer] - Checking changes...
2016-08-15 14:39:03.369 DEBUG [Transformer] - Checking changes...
2016-08-15 14:39:06.373 DEBUG [Transformer] - Checking changes...
2016-08-15 14:39:09.377 DEBUG [Transformer] - Checking changes...
2016-08-15 14:39:12.381 DEBUG [Transformer] - Checking changes...
2016-08-15 14:39:15.384 DEBUG [Transformer] - Checking changes...
2016-08-15 14:39:18.389 DEBUG [Transformer] - Checking changes...
2016-08-15 14:39:21.392 DEBUG [Transformer] - Checking changes...
2016-08-15 14:39:24.396 DEBUG [Transformer] - Checking changes...
2016-08-15 14:39:27.400 DEBUG [Transformer] - Checking changes...
2016-08-15 14:39:30.401 DEBUG [Transformer] - Checking changes...
2016-08-15 14:39:33.406 DEBUG [Transformer] - Checking changes...
2016-08-15 14:39:36.410 DEBUG [Transformer] - Checking changes...
2016-08-15 14:39:39.414 DEBUG [Transformer] - Checking changes...
2016-08-15 14:39:42.417 DEBUG [Transformer] - Checking changes...
2016-08-15 14:39:45.418 DEBUG [Transformer] - Checking changes...
2016-08-15 14:39:48.421 DEBUG [Transformer] - Checking changes...
2016-08-15 14:39:51.426 DEBUG [Transformer] - Checking changes...
2016-08-15 14:39:54.431 DEBUG [Transformer] - Checking changes...
2016-08-15 14:39:57.434 DEBUG [Transformer] - Checking changes...
2016-08-15 14:40:00.435 DEBUG [Transformer] - Checking changes...
2016-08-15 14:40:03.440 DEBUG [Transformer] - Checking changes...
2016-08-15 14:40:06.441 DEBUG [Transformer] - Checking changes...
2016-08-15 14:40:09.444 DEBUG [Transformer] - Checking changes...
2016-08-15 14:40:12.446 DEBUG [Transformer] - Checking changes...
2016-08-15 14:40:15.450 DEBUG [Transformer] - Checking changes...
2016-08-15 14:40:18.456 DEBUG [Transformer] - Checking changes...
2016-08-15 14:40:21.458 DEBUG [Transformer] - Checking changes...
2016-08-15 14:40:24.463 DEBUG [Transformer] - Checking changes...
2016-08-15 14:40:27.464 DEBUG [Transformer] - Checking changes...
2016-08-15 14:40:30.467 DEBUG [Transformer] - Checking changes...
2016-08-15 14:40:33.469 DEBUG [Transformer] - Checking changes...
2016-08-15 14:40:36.472 DEBUG [Transformer] - Checking changes...
2016-08-15 14:40:39.477 DEBUG [Transformer] - Checking changes...
2016-08-15 14:40:42.478 DEBUG [Transformer] - Checking changes...
2016-08-15 14:40:45.479 DEBUG [Transformer] - Checking changes...
2016-08-15 14:40:48.480 DEBUG [Transformer] - Checking changes...
2016-08-15 14:40:51.484 DEBUG [Transformer] - Checking changes...
2016-08-15 14:40:54.487 DEBUG [Transformer] - Checking changes...
2016-08-15 14:40:57.488 DEBUG [Transformer] - Checking changes...
2016-08-15 14:41:00.493 DEBUG [Transformer] - Checking changes...
2016-08-15 14:41:03.496 DEBUG [Transformer] - Checking changes...
2016-08-15 14:41:06.500 DEBUG [Transformer] - Checking changes...
2016-08-15 14:41:09.505 DEBUG [Transformer] - Checking changes...
2016-08-15 14:41:12.508 DEBUG [Transformer] - Checking changes...
2016-08-15 14:41:15.512 DEBUG [Transformer] - Checking changes...
2016-08-15 14:41:18.513 DEBUG [Transformer] - Checking changes...
2016-08-15 14:41:21.514 DEBUG [Transformer] - Checking changes...
2016-08-15 14:41:24.518 DEBUG [Transformer] - Checking changes...
2016-08-15 14:41:27.523 DEBUG [Transformer] - Checking changes...
2016-08-15 14:41:30.524 DEBUG [Transformer] - Checking changes...
2016-08-15 14:41:33.525 DEBUG [Transformer] - Checking changes...
2016-08-15 14:41:36.527 DEBUG [Transformer] - Checking changes...
2016-08-15 14:41:39.531 DEBUG [Transformer] - Checking changes...
2016-08-15 14:41:42.536 DEBUG [Transformer] - Checking changes...
2016-08-15 14:41:45.539 DEBUG [Transformer] - Checking changes...
2016-08-15 14:41:48.542 DEBUG [Transformer] - Checking changes...
2016-08-15 14:41:51.548 DEBUG [Transformer] - Checking changes...
2016-08-15 14:41:54.551 DEBUG [Transformer] - Checking changes...
2016-08-15 14:41:57.551 DEBUG [Transformer] - Checking changes...
2016-08-15 14:42:00.556 DEBUG [Transformer] - Checking changes...
2016-08-15 14:42:03.558 DEBUG [Transformer] - Checking changes...
2016-08-15 14:42:06.563 DEBUG [Transformer] - Checking changes...
2016-08-15 14:42:09.564 DEBUG [Transformer] - Checking changes...
2016-08-15 14:42:12.568 DEBUG [Transformer] - Checking changes...
2016-08-15 14:42:15.569 DEBUG [Transformer] - Checking changes...
2016-08-15 14:42:18.574 DEBUG [Transformer] - Checking changes...
2016-08-15 14:42:21.578 DEBUG [Transformer] - Checking changes...
2016-08-15 14:42:24.579 DEBUG [Transformer] - Checking changes...
2016-08-15 14:42:27.583 DEBUG [Transformer] - Checking changes...
2016-08-15 14:42:30.589 DEBUG [Transformer] - Checking changes...
2016-08-15 14:42:33.592 DEBUG [Transformer] - Checking changes...
2016-08-15 14:42:36.594 DEBUG [Transformer] - Checking changes...
2016-08-15 14:42:39.598 DEBUG [Transformer] - Checking changes...
2016-08-15 14:42:42.601 DEBUG [Transformer] - Checking changes...
2016-08-15 14:42:45.604 DEBUG [Transformer] - Checking changes...
2016-08-15 14:42:48.608 DEBUG [Transformer] - Checking changes...
2016-08-15 14:42:51.613 DEBUG [Transformer] - Checking changes...
2016-08-15 14:42:54.618 DEBUG [Transformer] - Checking changes...
2016-08-15 14:42:57.621 DEBUG [Transformer] - Checking changes...
2016-08-15 14:43:00.625 DEBUG [Transformer] - Checking changes...
2016-08-15 14:43:03.626 DEBUG [Transformer] - Checking changes...
2016-08-15 14:43:06.632 DEBUG [Transformer] - Checking changes...
2016-08-15 14:43:09.634 DEBUG [Transformer] - Checking changes...
2016-08-15 14:43:12.636 DEBUG [Transformer] - Checking changes...
2016-08-15 14:43:15.638 DEBUG [Transformer] - Checking changes...
2016-08-15 14:43:18.642 DEBUG [Transformer] - Checking changes...
2016-08-15 14:43:21.643 DEBUG [Transformer] - Checking changes...
2016-08-15 14:43:24.649 DEBUG [Transformer] - Checking changes...
2016-08-15 14:43:27.649 DEBUG [Transformer] - Checking changes...
2016-08-15 14:43:30.654 DEBUG [Transformer] - Checking changes...
2016-08-15 14:43:33.656 DEBUG [Transformer] - Checking changes...
2016-08-15 14:43:36.662 DEBUG [Transformer] - Checking changes...
2016-08-15 14:43:39.666 DEBUG [Transformer] - Checking changes...
2016-08-15 14:43:42.668 DEBUG [Transformer] - Checking changes...
2016-08-15 14:43:45.674 DEBUG [Transformer] - Checking changes...
2016-08-15 14:43:48.677 DEBUG [Transformer] - Checking changes...
2016-08-15 14:43:51.683 DEBUG [Transformer] - Checking changes...
2016-08-15 14:43:54.687 DEBUG [Transformer] - Checking changes...
2016-08-15 14:43:57.690 DEBUG [Transformer] - Checking changes...
2016-08-15 14:44:00.692 DEBUG [Transformer] - Checking changes...
2016-08-15 14:44:03.694 DEBUG [Transformer] - Checking changes...
2016-08-15 14:44:06.696 DEBUG [Transformer] - Checking changes...
2016-08-15 14:44:09.696 DEBUG [Transformer] - Checking changes...
2016-08-15 14:44:12.697 DEBUG [Transformer] - Checking changes...
2016-08-15 14:44:15.698 DEBUG [Transformer] - Checking changes...
2016-08-15 14:44:18.703 DEBUG [Transformer] - Checking changes...
2016-08-15 14:44:21.706 DEBUG [Transformer] - Checking changes...
2016-08-15 14:44:24.712 DEBUG [Transformer] - Checking changes...
2016-08-15 14:44:27.713 DEBUG [Transformer] - Checking changes...
2016-08-15 14:44:30.713 DEBUG [Transformer] - Checking changes...
2016-08-15 14:44:33.715 DEBUG [Transformer] - Checking changes...
2016-08-15 14:44:36.717 DEBUG [Transformer] - Checking changes...
2016-08-15 14:44:39.718 DEBUG [Transformer] - Checking changes...
2016-08-15 14:44:42.724 DEBUG [Transformer] - Checking changes...
2016-08-15 14:44:45.728 DEBUG [Transformer] - Checking changes...
2016-08-15 14:44:48.731 DEBUG [Transformer] - Checking changes...
2016-08-15 14:44:51.734 DEBUG [Transformer] - Checking changes...
2016-08-15 14:44:54.735 DEBUG [Transformer] - Checking changes...
2016-08-15 14:44:57.740 DEBUG [Transformer] - Checking changes...
2016-08-15 14:45:00.745 DEBUG [Transformer] - Checking changes...
2016-08-15 14:45:03.747 DEBUG [Transformer] - Checking changes...
2016-08-15 14:45:06.751 DEBUG [Transformer] - Checking changes...
2016-08-15 14:45:09.754 DEBUG [Transformer] - Checking changes...
2016-08-15 14:45:12.757 DEBUG [Transformer] - Checking changes...
2016-08-15 14:45:15.761 DEBUG [Transformer] - Checking changes...
2016-08-15 14:45:18.765 DEBUG [Transformer] - Checking changes...
2016-08-15 14:45:21.767 DEBUG [Transformer] - Checking changes...
2016-08-15 14:45:24.769 DEBUG [Transformer] - Checking changes...
2016-08-15 14:45:27.770 DEBUG [Transformer] - Checking changes...
2016-08-15 14:45:30.774 DEBUG [Transformer] - Checking changes...
2016-08-15 14:45:33.777 DEBUG [Transformer] - Checking changes...
2016-08-15 14:45:36.782 DEBUG [Transformer] - Checking changes...
2016-08-15 14:45:39.785 DEBUG [Transformer] - Checking changes...
2016-08-15 14:45:42.788 DEBUG [Transformer] - Checking changes...
2016-08-15 14:45:45.793 DEBUG [Transformer] - Checking changes...
2016-08-15 14:45:48.798 DEBUG [Transformer] - Checking changes...
2016-08-15 14:45:51.800 DEBUG [Transformer] - Checking changes...
2016-08-15 14:45:54.806 DEBUG [Transformer] - Checking changes...
2016-08-15 14:45:57.811 DEBUG [Transformer] - Checking changes...
2016-08-15 14:46:00.815 DEBUG [Transformer] - Checking changes...
2016-08-15 14:46:03.819 DEBUG [Transformer] - Checking changes...
2016-08-15 14:46:06.821 DEBUG [Transformer] - Checking changes...
2016-08-15 14:46:09.823 DEBUG [Transformer] - Checking changes...
2016-08-15 14:46:12.828 DEBUG [Transformer] - Checking changes...
2016-08-15 14:46:15.833 DEBUG [Transformer] - Checking changes...
2016-08-15 14:46:18.836 DEBUG [Transformer] - Checking changes...
2016-08-15 14:46:21.840 DEBUG [Transformer] - Checking changes...
2016-08-15 14:46:24.846 DEBUG [Transformer] - Checking changes...
2016-08-15 14:46:27.849 DEBUG [Transformer] - Checking changes...
2016-08-15 14:46:30.851 DEBUG [Transformer] - Checking changes...
2016-08-15 14:46:33.853 DEBUG [Transformer] - Checking changes...
2016-08-15 14:46:36.858 DEBUG [Transformer] - Checking changes...
2016-08-15 14:46:39.858 DEBUG [Transformer] - Checking changes...
2016-08-15 14:46:42.861 DEBUG [Transformer] - Checking changes...
2016-08-15 14:46:45.862 DEBUG [Transformer] - Checking changes...
2016-08-15 14:46:48.864 DEBUG [Transformer] - Checking changes...
2016-08-15 14:46:51.869 DEBUG [Transformer] - Checking changes...
2016-08-15 14:46:54.874 DEBUG [Transformer] - Checking changes...
2016-08-15 14:46:57.877 DEBUG [Transformer] - Checking changes...
2016-08-15 14:47:00.883 DEBUG [Transformer] - Checking changes...
2016-08-15 14:47:03.888 DEBUG [Transformer] - Checking changes...
2016-08-15 14:47:06.891 DEBUG [Transformer] - Checking changes...
2016-08-15 14:47:09.897 DEBUG [Transformer] - Checking changes...
2016-08-15 14:47:12.899 DEBUG [Transformer] - Checking changes...
2016-08-15 14:47:15.903 DEBUG [Transformer] - Checking changes...
2016-08-15 14:47:18.906 DEBUG [Transformer] - Checking changes...
2016-08-15 14:47:21.910 DEBUG [Transformer] - Checking changes...
2016-08-15 14:47:24.911 DEBUG [Transformer] - Checking changes...
2016-08-15 14:47:27.917 DEBUG [Transformer] - Checking changes...
2016-08-15 14:47:30.918 DEBUG [Transformer] - Checking changes...
2016-08-15 14:47:33.922 DEBUG [Transformer] - Checking changes...
2016-08-15 14:47:36.923 DEBUG [Transformer] - Checking changes...
2016-08-15 14:47:39.924 DEBUG [Transformer] - Checking changes...
2016-08-15 14:47:42.928 DEBUG [Transformer] - Checking changes...
2016-08-15 14:47:45.929 DEBUG [Transformer] - Checking changes...
2016-08-15 14:47:48.932 DEBUG [Transformer] - Checking changes...
2016-08-15 14:47:51.936 DEBUG [Transformer] - Checking changes...
2016-08-15 14:47:54.939 DEBUG [Transformer] - Checking changes...
2016-08-15 14:47:57.939 DEBUG [Transformer] - Checking changes...
2016-08-15 14:48:00.945 DEBUG [Transformer] - Checking changes...
2016-08-15 14:48:03.946 DEBUG [Transformer] - Checking changes...
2016-08-15 14:48:06.950 DEBUG [Transformer] - Checking changes...
2016-08-15 14:48:09.954 DEBUG [Transformer] - Checking changes...
2016-08-15 14:48:12.955 DEBUG [Transformer] - Checking changes...
2016-08-15 14:48:15.956 DEBUG [Transformer] - Checking changes...
2016-08-15 14:48:18.961 DEBUG [Transformer] - Checking changes...
2016-08-15 14:48:21.963 DEBUG [Transformer] - Checking changes...
2016-08-15 14:48:24.966 DEBUG [Transformer] - Checking changes...
2016-08-15 14:48:27.967 DEBUG [Transformer] - Checking changes...
2016-08-15 14:48:30.968 DEBUG [Transformer] - Checking changes...
2016-08-15 14:48:33.970 DEBUG [Transformer] - Checking changes...
2016-08-15 14:48:36.971 DEBUG [Transformer] - Checking changes...
2016-08-15 14:48:39.974 DEBUG [Transformer] - Checking changes...
2016-08-15 14:48:42.974 DEBUG [Transformer] - Checking changes...
2016-08-15 14:48:45.978 DEBUG [Transformer] - Checking changes...
2016-08-15 14:48:48.982 DEBUG [Transformer] - Checking changes...
2016-08-15 14:48:51.985 DEBUG [Transformer] - Checking changes...
2016-08-15 14:48:54.987 DEBUG [Transformer] - Checking changes...
2016-08-15 14:48:57.993 DEBUG [Transformer] - Checking changes...
2016-08-15 14:49:00.994 DEBUG [Transformer] - Checking changes...
2016-08-15 14:49:03.997 DEBUG [Transformer] - Checking changes...
2016-08-15 14:49:06.998 DEBUG [Transformer] - Checking changes...
2016-08-15 14:49:10.002 DEBUG [Transformer] - Checking changes...
2016-08-15 14:49:13.006 DEBUG [Transformer] - Checking changes...
2016-08-15 14:49:16.009 DEBUG [Transformer] - Checking changes...
2016-08-15 14:49:19.012 DEBUG [Transformer] - Checking changes...
2016-08-15 14:49:22.016 DEBUG [Transformer] - Checking changes...
2016-08-15 14:49:25.021 DEBUG [Transformer] - Checking changes...
2016-08-15 14:49:28.025 DEBUG [Transformer] - Checking changes...
2016-08-15 14:49:31.029 DEBUG [Transformer] - Checking changes...
2016-08-15 14:49:34.030 DEBUG [Transformer] - Checking changes...
2016-08-15 14:49:37.035 DEBUG [Transformer] - Checking changes...
2016-08-15 14:49:40.040 DEBUG [Transformer] - Checking changes...
2016-08-15 14:49:43.041 DEBUG [Transformer] - Checking changes...
2016-08-15 14:49:46.044 DEBUG [Transformer] - Checking changes...
2016-08-15 14:49:49.047 DEBUG [Transformer] - Checking changes...
2016-08-15 14:49:52.051 DEBUG [Transformer] - Checking changes...
2016-08-15 14:49:55.052 DEBUG [Transformer] - Checking changes...
2016-08-15 14:49:58.053 DEBUG [Transformer] - Checking changes...
2016-08-15 14:50:01.059 DEBUG [Transformer] - Checking changes...
2016-08-15 14:50:04.062 DEBUG [Transformer] - Checking changes...
2016-08-15 14:50:07.063 DEBUG [Transformer] - Checking changes...
2016-08-15 14:50:10.064 DEBUG [Transformer] - Checking changes...
2016-08-15 14:50:13.065 DEBUG [Transformer] - Checking changes...
2016-08-15 14:50:16.066 DEBUG [Transformer] - Checking changes...
2016-08-15 14:50:19.070 DEBUG [Transformer] - Checking changes...
2016-08-15 14:50:22.074 DEBUG [Transformer] - Checking changes...
2016-08-15 14:50:25.075 DEBUG [Transformer] - Checking changes...
2016-08-15 14:50:28.076 DEBUG [Transformer] - Checking changes...
2016-08-15 14:50:31.078 DEBUG [Transformer] - Checking changes...
2016-08-15 14:50:34.082 DEBUG [Transformer] - Checking changes...
2016-08-15 14:50:37.086 DEBUG [Transformer] - Checking changes...
2016-08-15 14:50:40.087 DEBUG [Transformer] - Checking changes...
2016-08-15 14:50:43.093 DEBUG [Transformer] - Checking changes...
2016-08-15 14:50:46.097 DEBUG [Transformer] - Checking changes...
2016-08-15 14:50:49.101 DEBUG [Transformer] - Checking changes...
2016-08-15 14:50:52.106 DEBUG [Transformer] - Checking changes...
2016-08-15 14:50:55.109 DEBUG [Transformer] - Checking changes...
2016-08-15 14:50:58.114 DEBUG [Transformer] - Checking changes...
2016-08-15 14:51:01.115 DEBUG [Transformer] - Checking changes...
2016-08-15 14:51:04.119 DEBUG [Transformer] - Checking changes...
2016-08-15 14:51:07.123 DEBUG [Transformer] - Checking changes...
2016-08-15 14:51:10.124 DEBUG [Transformer] - Checking changes...
2016-08-15 14:51:13.129 DEBUG [Transformer] - Checking changes...
2016-08-15 14:51:16.131 DEBUG [Transformer] - Checking changes...
2016-08-15 14:51:19.134 DEBUG [Transformer] - Checking changes...
2016-08-15 14:51:22.135 DEBUG [Transformer] - Checking changes...
2016-08-15 14:51:25.140 DEBUG [Transformer] - Checking changes...
2016-08-15 14:51:28.144 DEBUG [Transformer] - Checking changes...
2016-08-15 14:51:31.145 DEBUG [Transformer] - Checking changes...
2016-08-15 14:51:34.150 DEBUG [Transformer] - Checking changes...
2016-08-15 14:51:37.156 DEBUG [Transformer] - Checking changes...
2016-08-15 14:51:40.160 DEBUG [Transformer] - Checking changes...
2016-08-15 14:51:43.166 DEBUG [Transformer] - Checking changes...
2016-08-15 14:51:46.171 DEBUG [Transformer] - Checking changes...
2016-08-15 14:51:49.173 DEBUG [Transformer] - Checking changes...
2016-08-15 14:51:52.174 DEBUG [Transformer] - Checking changes...
2016-08-15 14:51:55.179 DEBUG [Transformer] - Checking changes...
2016-08-15 14:51:58.185 DEBUG [Transformer] - Checking changes...
2016-08-15 14:52:01.191 DEBUG [Transformer] - Checking changes...
2016-08-15 14:52:04.196 DEBUG [Transformer] - Checking changes...
2016-08-15 14:52:07.200 DEBUG [Transformer] - Checking changes...
2016-08-15 14:52:10.206 DEBUG [Transformer] - Checking changes...
2016-08-15 14:52:13.208 DEBUG [Transformer] - Checking changes...
2016-08-15 14:52:16.211 DEBUG [Transformer] - Checking changes...
2016-08-15 14:52:19.215 DEBUG [Transformer] - Checking changes...
2016-08-15 14:52:22.219 DEBUG [Transformer] - Checking changes...
2016-08-15 14:52:25.220 DEBUG [Transformer] - Checking changes...
2016-08-15 14:52:28.225 DEBUG [Transformer] - Checking changes...
2016-08-15 14:52:31.231 DEBUG [Transformer] - Checking changes...
2016-08-15 14:52:34.234 DEBUG [Transformer] - Checking changes...
2016-08-15 14:52:37.235 DEBUG [Transformer] - Checking changes...
2016-08-15 14:52:40.238 DEBUG [Transformer] - Checking changes...
2016-08-15 14:52:43.243 DEBUG [Transformer] - Checking changes...
2016-08-15 14:52:46.248 DEBUG [Transformer] - Checking changes...
2016-08-15 14:52:49.249 DEBUG [Transformer] - Checking changes...
2016-08-15 14:52:52.254 DEBUG [Transformer] - Checking changes...
2016-08-15 14:52:55.259 DEBUG [Transformer] - Checking changes...
2016-08-15 14:52:58.262 DEBUG [Transformer] - Checking changes...
2016-08-15 14:53:01.264 DEBUG [Transformer] - Checking changes...
2016-08-15 14:53:01.265 DEBUG [Transformer] - Reloading boot/controller/HelloController
2016-08-15 14:53:01.265 INFO  [Transformer] - Requesting reload of boot/controller/HelloController
2016-08-15 14:53:01.266 DEBUG [Transformer] - sun.misc.Launcher$AppClassLoader@18b4aac2 is loading boot/controller/HelloController
2016-08-15 14:53:04.288 DEBUG [Transformer] - Checking changes...
2016-08-15 14:53:07.290 DEBUG [Transformer] - Checking changes...
2016-08-15 14:53:10.293 DEBUG [Transformer] - Checking changes...
2016-08-15 14:53:13.298 DEBUG [Transformer] - Checking changes...
2016-08-15 14:53:16.299 DEBUG [Transformer] - Checking changes...
2016-08-15 14:53:19.302 DEBUG [Transformer] - Checking changes...
2016-08-15 14:53:22.305 DEBUG [Transformer] - Checking changes...
2016-08-15 14:53:25.310 DEBUG [Transformer] - Checking changes...
2016-08-15 14:53:28.313 DEBUG [Transformer] - Checking changes...
2016-08-15 14:53:31.317 DEBUG [Transformer] - Checking changes...
2016-08-15 14:53:34.321 DEBUG [Transformer] - Checking changes...
2016-08-15 14:53:37.324 DEBUG [Transformer] - Checking changes...
2016-08-15 14:53:40.328 DEBUG [Transformer] - Checking changes...
2016-08-15 14:53:43.333 DEBUG [Transformer] - Checking changes...
2016-08-15 14:53:46.334 DEBUG [Transformer] - Checking changes...
2016-08-15 14:53:49.339 DEBUG [Transformer] - Checking changes...
2016-08-15 14:53:52.341 DEBUG [Transformer] - Checking changes...
2016-08-15 14:53:55.347 DEBUG [Transformer] - Checking changes...
2016-08-15 14:53:58.352 DEBUG [Transformer] - Checking changes...
2016-08-15 14:54:01.356 DEBUG [Transformer] - Checking changes...
2016-08-15 14:54:04.361 DEBUG [Transformer] - Checking changes...
2016-08-15 14:54:07.363 DEBUG [Transformer] - Checking changes...
2016-08-15 14:54:10.367 DEBUG [Transformer] - Checking changes...
2016-08-15 14:54:13.368 DEBUG [Transformer] - Checking changes...
2016-08-15 14:54:16.371 DEBUG [Transformer] - Checking changes...
2016-08-15 14:54:19.376 DEBUG [Transformer] - Checking changes...
2016-08-15 14:54:22.380 DEBUG [Transformer] - Checking changes...
2016-08-15 14:54:25.385 DEBUG [Transformer] - Checking changes...
2016-08-15 14:54:28.390 DEBUG [Transformer] - Checking changes...
2016-08-15 14:54:31.393 DEBUG [Transformer] - Checking changes...
2016-08-15 14:54:34.398 DEBUG [Transformer] - Checking changes...
2016-08-15 14:54:37.402 DEBUG [Transformer] - Checking changes...
2016-08-15 14:54:40.403 DEBUG [Transformer] - Checking changes...
2016-08-15 14:54:43.405 DEBUG [Transformer] - Checking changes...
2016-08-15 14:54:46.410 DEBUG [Transformer] - Checking changes...
2016-08-15 14:54:49.416 DEBUG [Transformer] - Checking changes...
2016-08-15 14:54:52.418 DEBUG [Transformer] - Checking changes...
2016-08-15 14:54:55.421 DEBUG [Transformer] - Checking changes...
2016-08-15 14:54:58.422 DEBUG [Transformer] - Checking changes...
2016-08-15 14:55:01.426 DEBUG [Transformer] - Checking changes...
2016-08-15 14:55:04.429 DEBUG [Transformer] - Checking changes...
2016-08-15 14:55:07.432 DEBUG [Transformer] - Checking changes...
2016-08-15 14:55:10.435 DEBUG [Transformer] - Checking changes...
2016-08-15 14:55:13.436 DEBUG [Transformer] - Checking changes...
2016-08-15 14:55:16.442 DEBUG [Transformer] - Checking changes...
2016-08-15 14:55:19.446 DEBUG [Transformer] - Checking changes...
2016-08-15 14:55:22.450 DEBUG [Transformer] - Checking changes...
2016-08-15 14:55:25.453 DEBUG [Transformer] - Checking changes...
2016-08-15 14:55:28.459 DEBUG [Transformer] - Checking changes...
2016-08-15 14:55:31.460 DEBUG [Transformer] - Checking changes...
2016-08-15 14:55:34.463 DEBUG [Transformer] - Checking changes...
2016-08-15 14:55:37.464 DEBUG [Transformer] - Checking changes...
2016-08-15 14:55:40.468 DEBUG [Transformer] - Checking changes...
2016-08-15 14:55:43.472 DEBUG [Transformer] - Checking changes...
2016-08-15 14:55:46.477 DEBUG [Transformer] - Checking changes...
2016-08-15 14:55:49.479 DEBUG [Transformer] - Checking changes...
2016-08-15 14:55:52.480 DEBUG [Transformer] - Checking changes...
2016-08-15 14:55:55.484 DEBUG [Transformer] - Checking changes...
2016-08-15 14:55:58.489 DEBUG [Transformer] - Checking changes...
2016-08-15 14:56:01.492 DEBUG [Transformer] - Checking changes...
2016-08-15 14:56:04.493 DEBUG [Transformer] - Checking changes...
2016-08-15 14:56:07.493 DEBUG [Transformer] - Checking changes...
2016-08-15 14:56:10.497 DEBUG [Transformer] - Checking changes...
2016-08-15 14:56:13.499 DEBUG [Transformer] - Checking changes...
2016-08-15 14:56:16.500 DEBUG [Transformer] - Checking changes...
2016-08-15 14:56:19.501 DEBUG [Transformer] - Checking changes...
2016-08-15 14:56:22.503 DEBUG [Transformer] - Checking changes...
2016-08-15 14:56:25.504 DEBUG [Transformer] - Checking changes...
2016-08-15 14:56:28.510 DEBUG [Transformer] - Checking changes...
2016-08-15 14:56:31.513 DEBUG [Transformer] - Checking changes...
2016-08-15 14:56:34.514 DEBUG [Transformer] - Checking changes...
2016-08-15 14:56:37.515 DEBUG [Transformer] - Checking changes...
2016-08-15 14:56:40.515 DEBUG [Transformer] - Checking changes...
2016-08-15 14:56:43.517 DEBUG [Transformer] - Checking changes...
2016-08-15 14:56:46.518 DEBUG [Transformer] - Checking changes...
2016-08-15 14:56:49.518 DEBUG [Transformer] - Checking changes...
2016-08-15 14:56:52.519 DEBUG [Transformer] - Checking changes...
2016-08-15 14:56:55.522 DEBUG [Transformer] - Checking changes...
2016-08-15 14:56:58.527 DEBUG [Transformer] - Checking changes...
2016-08-15 14:57:01.528 DEBUG [Transformer] - Checking changes...
2016-08-15 14:57:04.532 DEBUG [Transformer] - Checking changes...
2016-08-15 14:57:07.537 DEBUG [Transformer] - Checking changes...
2016-08-15 14:57:10.542 DEBUG [Transformer] - Checking changes...
